Line 207: Class MSFlexGridLib.MSFlexGrid of control grid2 was not a loaded control class.
Line 213: The property name _ExtentX in grid2 is invalid.
Line 214: The property name _ExtentY in grid2 is invalid.
Line 215: The property name _Version in grid2 is invalid.
Line 216: The property name Cols in grid2 is invalid.
Line 217: The property name FixedRows in grid2 is invalid.
Line 219: The property name ForeColorFixed in grid2 is invalid.
Line 220: The property name BackColorSel in grid2 is invalid.
Line 221: The property name ForeColorSel in grid2 is invalid.
Line 222: The property name BackColorBkg in grid2 is invalid.
Line 223: The property name WordWrap in grid2 is invalid.
Line 224: The property name FocusRect in grid2 is invalid.
Line 225: The property name ScrollBars in grid2 is invalid.
Line 226: The property name SelectionMode in grid2 is invalid.
Line 213: The property name _ExtentX in grid2 is invalid.
Line 214: The property name _ExtentY in grid2 is invalid.
Line 215: The property name _Version in grid2 is invalid.
Line 216: The property name Cols in grid2 is invalid.
Line 217: The property name FixedRows in grid2 is invalid.
Line 219: The property name ForeColorFixed in grid2 is invalid.
Line 220: The property name BackColorSel in grid2 is invalid.
Line 221: The property name ForeColorSel in grid2 is invalid.
Line 222: The property name BackColorBkg in grid2 is invalid.
Line 223: The property name WordWrap in grid2 is invalid.
Line 224: The property name FocusRect in grid2 is invalid.
Line 225: The property name ScrollBars in grid2 is invalid.
Line 226: The property name SelectionMode in grid2 is invalid.
Line 213: The property name _ExtentX in grid2 is invalid.
Line 214: The property name _ExtentY in grid2 is invalid.
Line 215: The property name _Version in grid2 is invalid.
Line 216: The property name Cols in grid2 is invalid.
Line 217: The property name FixedRows in grid2 is invalid.
Line 219: The property name ForeColorFixed in grid2 is invalid.
Line 220: The property name BackColorSel in grid2 is invalid.
Line 221: The property name ForeColorSel in grid2 is invalid.
Line 222: The property name BackColorBkg in grid2 is invalid.
Line 223: The property name WordWrap in grid2 is invalid.
Line 224: The property name FocusRect in grid2 is invalid.
Line 225: The property name ScrollBars in grid2 is invalid.
Line 226: The property name SelectionMode in grid2 is invalid.
